<?xml version="1.0" encoding="utf-8"?><testsuites name="pytest tests"><testsuite name="pytest" errors="0" failures="0" skipped="0" tests="17" time="1.568" timestamp="2026-07-06T02:19:59.895784+00:00" hostname="agent-env-fb802893-fb4c-47ff-9e6f-c7390413a987"><testcase classname="tests.backend_test.TestAdminVerify" name="test_verify_valid" time="0.169" /><testcase classname="tests.backend_test.TestProductsCRUD" name="test_list_products_public" time="0.115" /><testcase classname="tests.backend_test.TestProductsCRUD" name="test_create_requires_auth" time="0.026" /><testcase classname="tests.backend_test.TestProductsCRUD" name="test_create_product" time="0.146" /><testcase classname="tests.backend_test.TestAdminVerify" name="test_verify_invalid" time="0.074" /><testcase classname="tests.backend_test.TestAdminVerify" name="test_verify_missing" time="0.028" /><testcase classname="tests.backend_test.TestSettings" name="test_get_settings_default" time="0.071" /><testcase classname="tests.backend_test.TestProductsCRUD" name="test_get_single_product" time="0.028" /><testcase classname="tests.backend_test.TestProductsCRUD" name="test_update_product" time="0.162" /><testcase classname="tests.backend_test.TestSettings" name="test_update_settings_requires_auth" time="0.030" /><testcase classname="tests.backend_test.TestSettings" name="test_update_settings_ok" time="0.347" /><testcase classname="tests.backend_test.TestProductsCRUD" name="test_update_requires_auth" time="0.068" /><testcase classname="tests.backend_test.TestProductsCRUD" name="test_update_404" time="0.177" /><testcase classname="tests.backend_test.TestRoot" name="test_root" time="0.154" /><testcase classname="tests.backend_test.TestProductsCRUD" name="test_delete_requires_auth" time="0.068" /><testcase classname="tests.backend_test.TestProductsCRUD" name="test_delete_product" time="0.096" /><testcase classname="tests.backend_test.TestProductsCRUD" name="test_delete_404" time="0.144" /></testsuite></testsuites>